make all --print-data-base --no-builtin-variables --no-builtin-rules --question
make: *** No rule to make target 'all'.  Stop.

# GNU Make 4.3
# Built for x86_64-redhat-linux-gnu
# Copyright (C) 1988-2020 Free Software Foundation, Inc.
# License GPLv3+: GNU GPL version 3 or later <http://gnu.org/licenses/gpl.html>
# This is free software: you are free to change and redistribute it.
# There is NO WARRANTY, to the extent permitted by law.

# Make data base, printed on Mon May 23 11:11:47 2022

# Variables

# environment
GDK_BACKEND = x11
# environment
LC_ALL = C
# environment
NO_AT_BRIDGE = 1
# environment
GJS_DEBUG_OUTPUT = stderr
# environment
VSCODE_IPC_HOOK_EXTHOST = /run/user/1000/vscode-ipc-670e8635-6cd4-402b-b070-ce55f2a776c8.sock
# environment
VSCODE_CWD = /home/themoose
# environment
GDM_LANG = en_US.UTF-8
# default
MAKE_COMMAND := make
# environment
define BASH_FUNC_which%%
() {  ( alias;
 eval ${which_declare} ) | /usr/bin/which --tty-only --read-alias --read-functions --show-tilde --show-dot $@
}
endef
# automatic
@D = $(patsubst %/,%,$(dir $@))
# environment
VSCODE_HANDLES_UNCAUGHT_ERRORS = true
# default
.VARIABLES := 
# environment
PWD = /home/themoose/Projects/BookSys
# automatic
%D = $(patsubst %/,%,$(dir $%))
# environment
HOSTNAME = fedora
# environment
MAIL = /var/spool/mail/themoose
# environment
XDG_DATA_DIRS = /home/themoose/.local/share/flatpak/exports/share:/var/lib/flatpak/exports/share:/usr/local/share/:/usr/share/:/var/lib/snapd/desktop
# automatic
^D = $(patsubst %/,%,$(dir $^))
# environment
VSCODE_LOG_STACK = false
# automatic
%F = $(notdir $%)
# environment
VSCODE_CODE_CACHE_PATH = /home/themoose/.config/Code/CachedData/c3511e6c69bb39013c4a4b7b9566ec1ca73fc4d5
# environment
LANG = C
# environment
XAUTHORITY = /run/user/1000/.mutter-Xwaylandauth.H85IM1
# default
.LOADED := 
# default
.INCLUDE_DIRS = /usr/include /usr/local/include /usr/include
# makefile
MAKEFLAGS = pqrR
# makefile
CURDIR := /home/themoose/Projects/BookSys
# environment
VSCODE_PIPE_LOGGING = true
# environment
APPLICATION_INSIGHTS_NO_DIAGNOSTIC_CHANNEL = 1
# environment
LESSOPEN = ||/usr/bin/lesspipe.sh %s
# automatic
*D = $(patsubst %/,%,$(dir $*))
# environment
MFLAGS = -pqrR
# environment
SSH_AUTH_SOCK = /run/user/1000/keyring/ssh
# default
.SHELLFLAGS := -c
# environment
WAYLAND_DISPLAY = wayland-0
# environment
HISTSIZE = 1000
# automatic
+D = $(patsubst %/,%,$(dir $+))
# environment
XDG_SESSION_DESKTOP = gnome
# makefile
MAKEFILE_LIST := 
# automatic
@F = $(notdir $@)
# environment
VSCODE_VERBOSE_LOGGING = true
# environment
VSCODE_PID = 5062
# environment
XDG_SESSION_TYPE = wayland
# automatic
?D = $(patsubst %/,%,$(dir $?))
# environment
SESSION_MANAGER = local/unix:@/tmp/.ICE-unix/1668,unix/unix:/tmp/.ICE-unix/1668
# automatic
*F = $(notdir $*)
# environment
CHROME_DESKTOP = code-url-handler.desktop
# environment
DBUS_SESSION_BUS_ADDRESS = unix:path=/run/user/1000/bus
# automatic
<D = $(patsubst %/,%,$(dir $<))
# environment
VSCODE_NLS_CONFIG = {"locale":"en-us","availableLanguages":{},"_languagePackSupport":true}
# default
MAKE_HOST := x86_64-redhat-linux-gnu
# makefile
SHELL = /bin/sh
# default
MAKECMDGOALS := all
# environment
XMODIFIERS = @im=ibus
# environment
GJS_DEBUG_TOPICS = JS ERROR;JS LOG
# environment
SHLVL = 0
# environment
MAKELEVEL := 0
# default
MAKE = $(MAKE_COMMAND)
# environment
PATH = /home/themoose/.local/bin:/home/themoose/bin:/usr/local/bin:/usr/local/sbin:/usr/bin:/usr/sbin:/var/lib/snapd/snap/bin
# default
MAKEFILES := 
# automatic
^F = $(notdir $^)
# environment
INVOCATION_ID = e944d263562445b29c9c7c49eacb8feb
# environment
VSCODE_LOG_NATIVE = false
# environment
USERNAME = themoose
# environment
GNOME_SETUP_DISPLAY = :1
# automatic
?F = $(notdir $?)
# environment
XDG_CURRENT_DESKTOP = GNOME
# environment
KDEDIRS = /usr
# automatic
+F = $(notdir $+)
# environment
DESKTOP_SESSION = gnome
# environment
ORIGINAL_XDG_CURRENT_DESKTOP = GNOME
# 'override' directive
GNUMAKEFLAGS := 
# environment
LOGNAME = themoose
# environment
GIO_LAUNCHED_DESKTOP_FILE = /usr/share/applications/code.desktop
# makefile
.DEFAULT_GOAL := 
# environment
SYSTEMD_EXEC_PID = 1721
# environment
HISTCONTROL = ignoredups
# environment
EDITOR = /usr/bin/nano
# environment
DISPLAY = :0
# environment
USER = themoose
# default
MAKE_VERSION := 4.3
# environment
MANAGERPID = 1546
# environment
which_declare = declare -f
# environment
DEBUGINFOD_URLS = https://debuginfod.fedoraproject.org/ 
# environment
GIO_LAUNCHED_DESKTOP_FILE_PID = 5062
# environment
_ = /usr/bin/make
# environment
XDG_RUNTIME_DIR = /run/user/1000
# environment
 
JOURNAL_STREAM = 8:31814
# environment
XDG_SESSION_CLASS = user
# environment
VSCODE_AMD_ENTRYPOINT = vs/workbench/api/node/extensionHostProcess
# environment
HOME = /home/themoose
# environment
QT_IM_MODULE = ibus
# environment
ELECTRON_RUN_AS_NODE = 1
# environment
VSCODE_IPC_HOOK = /run/user/1000/vscode-d99e3706-1.67.2-main.sock
# default
.RECIPEPREFIX := 
# automatic
<F = $(notdir $<)
# default
SUFFIXES := 
# default
.FEATURES := target-specific order-only second-expansion else-if shortest-stem undefine oneshell nocomment grouped-target extra-prereqs archives jobserver output-sync check-symlink guile load
# environment
XDG_MENU_PREFIX = gnome-
# environment
GDMSESSION = gnome
# variable set hash-table stats:
# Load=100/1024=10%, Rehash=0, Collisions=4/127=3%

# Pattern-specific Variable Values

# No pattern-specific variable values.

# Directories

# . (device 41, inode 159184): 6 files, no impossibilities.

# 6 files, no impossibilities in 1 directories.

# Implicit Rules

# No implicit rules.

# Files

# Not a target:
Makefile:
#  Implicit rule search has been done.
#  File does not exist.
#  File has been updated.
#  Failed to be updated.

# Not a target:
.DEFAULT:
#  Implicit rule search has not been done.
#  Modification time never checked.
#  File has not been updated.

# Not a target:
all:
#  Command line target.
#  Implicit rule search has been done.
#  File does not exist.
#  File has not been updated.

# Not a target:
makefile:
#  Implicit rule search has been done.
#  File does not exist.
#  File has been updated.
#  Failed to be updated.

# Not a target:
GNUmakefile:
#  Implicit rule search has been done.
#  File does not exist.
#  File has been updated.
#  Failed to be updated.

# files hash-table stats:
# Load=6/1024=1%, Rehash=0, Collisions=0/15=0%
# VPATH Search Paths

# No 'vpath' search paths.

# No general ('VPATH' variable) search path.

# strcache buffers: 1 (0) / strings = 14 / storage = 113 B / avg = 8 B
# current buf: size = 8162 B / used = 113 B / count = 14 / avg = 8 B

# strcache performance: lookups = 17 / hit rate = 17%
# hash-table stats:
# Load=14/8192=0%, Rehash=0, Collisions=0/17=0%
# Finished Make data base on Mon May 23 11:11:47 2022

 
